<?xml version="1.0" encoding="UTF-8"?>
<con:testCase id="c2e8a16c-482b-4c81-bef6-f9f5d7087620" discardOkResults="false" failOnError="true" failTestCaseOnErrors="true" keepSession="false" name="Test Case 1" searchProperties="true" timeout="0" xmlns:con="http://eviware.com/soapui/config">
  <con:settings>
    <con:setting id="c2e8a16c-482b-4c81-bef6-f9f5d7087620fileName">Test-Case-1</con:setting>
  </con:settings>
  <con:properties/>
  <con:reportParameters/>
</con:testCase>
